{"/var/www/html/todolist/src/Utilities.js": {"path":"/var/www/html/todolist/src/Utilities.js","statementMap":{"0":{"start":{"line":2,"column":17},"end":{"line":10,"column":5}},"1":{"start":{"line":3,"column":6},"end":{"line":3,"column":42}},"2":{"start":{"line":3,"column":32},"end":{"line":3,"column":42}},"3":{"start":{"line":4,"column":6},"end":{"line":4,"column":50}},"4":{"start":{"line":4,"column":38},"end":{"line":4,"column":50}},"5":{"start":{"line":5,"column":6},"end":{"line":5,"column":41}},"6":{"start":{"line":5,"column":29},"end":{"line":5,"column":41}},"7":{"start":{"line":6,"column":6},"end":{"line":6,"column":35}},"8":{"start":{"line":7,"column":6},"end":{"line":7,"column":29}},"9":{"start":{"line":8,"column":6},"end":{"line":8,"column":22}},"10":{"start":{"line":9,"column":6},"end":{"line":9,"column":18}},"11":{"start":{"line":12,"column":33},"end":{"line":18,"column":5}},"12":{"start":{"line":13,"column":18},"end":{"line":13,"column":64}},"13":{"start":{"line":13,"column":40},"end":{"line":13,"column":63}},"14":{"start":{"line":14,"column":6},"end":{"line":16,"column":9}},"15":{"start":{"line":15,"column":8},"end":{"line":15,"column":36}},"16":{"start":{"line":17,"column":6},"end":{"line":17,"column":17}},"17":{"start":{"line":20,"column":26},"end":{"line":26,"column":5}},"18":{"start":{"line":21,"column":18},"end":{"line":21,"column":61}},"19":{"start":{"line":21,"column":40},"end":{"line":21,"column":60}},"20":{"start":{"line":22,"column":6},"end":{"line":24,"column":9}},"21":{"start":{"line":23,"column":8},"end":{"line":23,"column":36}},"22":{"start":{"line":25,"column":6},"end":{"line":25,"column":17}}},"fnMap":{"0":{"name":"(anonymous_0)","decl":{"start":{"line":2,"column":17},"end":{"line":2,"column":18}},"loc":{"start":{"line":2,"column":33},"end":{"line":10,"column":5}},"line":2},"1":{"name":"(anonymous_1)","decl":{"start":{"line":12,"column":33},"end":{"line":12,"column":34}},"loc":{"start":{"line":12,"column":43},"end":{"line":18,"column":5}},"line":12},"2":{"name":"(anonymous_2)","decl":{"start":{"line":13,"column":30},"end":{"line":13,"column":31}},"loc":{"start":{"line":13,"column":40},"end":{"line":13,"column":63}},"line":13},"3":{"name":"(anonymous_3)","decl":{"start":{"line":14,"column":18},"end":{"line":14,"column":19}},"loc":{"start":{"line":14,"column":38},"end":{"line":16,"column":7}},"line":14},"4":{"name":"(anonymous_4)","decl":{"start":{"line":20,"column":26},"end":{"line":20,"column":27}},"loc":{"start":{"line":20,"column":43},"end":{"line":26,"column":5}},"line":20},"5":{"name":"(anonymous_5)","decl":{"start":{"line":21,"column":30},"end":{"line":21,"column":31}},"loc":{"start":{"line":21,"column":40},"end":{"line":21,"column":60}},"line":21},"6":{"name":"(anonymous_6)","decl":{"start":{"line":22,"column":18},"end":{"line":22,"column":19}},"loc":{"start":{"line":22,"column":38},"end":{"line":24,"column":7}},"line":22}},"branchMap":{"0":{"loc":{"start":{"line":3,"column":6},"end":{"line":3,"column":42}},"type":"if","locations":[{"start":{"line":3,"column":6},"end":{"line":3,"column":42}},{"start":{"line":3,"column":6},"end":{"line":3,"column":42}}],"line":3},"1":{"loc":{"start":{"line":4,"column":6},"end":{"line":4,"column":50}},"type":"if","locations":[{"start":{"line":4,"column":6},"end":{"line":4,"column":50}},{"start":{"line":4,"column":6},"end":{"line":4,"column":50}}],"line":4},"2":{"loc":{"start":{"line":5,"column":6},"end":{"line":5,"column":41}},"type":"if","locations":[{"start":{"line":5,"column":6},"end":{"line":5,"column":41}},{"start":{"line":5,"column":6},"end":{"line":5,"column":41}}],"line":5}},"s":{"0":1,"1":5,"2":1,"3":4,"4":1,"5":3,"6":1,"7":2,"8":2,"9":2,"10":2,"11":1,"12":0,"13":0,"14":0,"15":0,"16":0,"17":1,"18":0,"19":0,"20":0,"21":0,"22":0},"f":{"0":5,"1":0,"2":0,"3":0,"4":0,"5":0,"6":0},"b":{"0":[1,4],"1":[1,3],"2":[1,2]},"_coverageSchema":"1a1c01bbd47fc00a2c39e90264f33305004495a9","hash":"70a4ae14f2451270a9f0f59ae58167fe5d29d1b1"}
}
