TN:
SF:src/Utilities.js
FN:2,(anonymous_0)
FN:12,(anonymous_1)
FN:13,(anonymous_2)
FN:14,(anonymous_3)
FN:20,(anonymous_4)
FN:21,(anonymous_5)
FN:22,(anonymous_6)
FNF:7
FNH:1
FNDA:5,(anonymous_0)
FNDA:0,(anonymous_1)
FNDA:0,(anonymous_2)
FNDA:0,(anonymous_3)
FNDA:0,(anonymous_4)
FNDA:0,(anonymous_5)
FNDA:0,(anonymous_6)
DA:2,1
DA:3,5
DA:4,4
DA:5,3
DA:6,2
DA:7,2
DA:8,2
DA:9,2
DA:12,1
DA:13,0
DA:14,0
DA:15,0
DA:17,0
DA:20,1
DA:21,0
DA:22,0
DA:23,0
DA:25,0
LF:18
LH:10
BRDA:3,0,0,1
BRDA:3,0,1,4
BRDA:4,1,0,1
BRDA:4,1,1,3
BRDA:5,2,0,1
BRDA:5,2,1,2
BRF:6
BRH:6
end_of_record
